<?xml version="1.0" encoding="UTF-8"?>
<testsuite xmlns:xsi="http://www.w3.org/2001/XMLSchema-instance" xsi:noNamespaceSchemaLocation="https://maven.apache.org/surefire/maven-surefire-plugin/xsd/surefire-test-report-3.0.xsd" version="3.0" name="TestSuite" time="121.872" tests="3" errors="0" skipped="0" failures="0">
  <properties>
[...]
</properties>
  <testcase name="PROD_Privacy_Test" classname="com.adt.ibp.ui_automation.Privacy.Test.PROD" time="37.705"/>
  <testcase name="PREProd_Privacy_Test" classname="com.adt.ibp.ui_automation.Privacy.Test.PrePROD" time="36.546"/>
  <testcase name="INT_Privacy_Test" classname="com.adt.ibp.ui_automation.Privacy.Test.GCP_INT" time="36.603"/>
</testsuite>