<?xml version="1.0" encoding="UTF-8"?>
<!-- Generated by org.testng.reporters.JUnitXMLReporter -->
<testsuite hostname="LBBX1ALPIT044" ignored="5" name="/Users/mmirzayev/Desktop/Framework/ADT_API_RestAssure" tests="3" failures="0" timestamp="2021-12-29T17:08:31 EST" time="121.28" errors="0">
  <testcase name="PROD_Privacy_Test" time="37.568" classname="com.adt.ibp.ui_automation.Privacy.Test.PROD"/>
  <testcase name="PREProd_Privacy_Test" time="36.634" classname="com.adt.ibp.ui_automation.Privacy.Test.PrePROD"/>
  <testcase name="INT_Privacy_Test" time="36.63" classname="com.adt.ibp.ui_automation.Privacy.Test.GCP_INT"/>
  <testcase name="@AfterSuite afterSuite" time="0.0" classname="com.adt.ibp.ui_automation.Privacy.utilities.Base">
    <ignored/>
  </testcase> <!-- @AfterSuite afterSuite -->
  <testcase name="@AfterSuite afterSuite" time="0.0" classname="com.adt.ibp.ui_automation.Privacy.utilities.Base">
    <ignored/>
  </testcase> <!-- @AfterSuite afterSuite -->
  <testcase name="ibpConfig" time="0.0" classname="com.adt.ibp.ui_automation.Privacy.utilities.HelperMethods.VALIDATE_ibpConfig">
    <ignored/>
  </testcase> <!-- ibpConfig -->
  <testcase name="readIanLists" time="0.0" classname="com.adt.ibp.ui_automation.Privacy.utilities.HelperMethods.VALIDATE_ibpConfig">
    <ignored/>
  </testcase> <!-- readIanLists -->
  <testcase name="camConfig_camStatus" time="0.0" classname="com.adt.ibp.ui_automation.Privacy.utilities.HelperMethods.VALIDATE_ibpConfig">
    <ignored/>
  </testcase> <!-- camConfig_camStatus -->
</testsuite> <!-- /Users/mmirzayev/Desktop/Framework/ADT_API_RestAssure -->
